<?xml version="1.0" encoding="UTF-8"?>
<!-- Generated by org.testng.reporters.JUnitReportReporter -->
<testsuite hostname="LAPTOP-CSKAJ1FL" failures="0" tests="1" name="MavenDemonew2.MavenDemonew2.testmavendemonew2" time="33.781" errors="0" timestamp="2020-08-02T14:22:07 IST" skipped="0">
  <testcase classname="MavenDemonew2.MavenDemonew2.testmavendemonew2" name="test" time="33.781"/>
</testsuite> <!-- MavenDemonew2.MavenDemonew2.testmavendemonew2 -->
